<?xml version="1.0" encoding="UTF-8"?>
<!-- Generated by org.testng.reporters.JUnitReportReporter -->
<testsuite hostname="DESKTOP-1BKEDIA" name="Shraddha.E2Eframework.HomePage" tests="2" failures="0" timestamp="29 May 2020 12:16:09 GMT" time="0.026" errors="2">
  <testcase name="basePageNavigation" time="0.009" classname="Shraddha.E2Eframework.HomePage">
    <error type="org.openqa.selenium.SessionNotCreatedException" message="session not created: This version of ChromeDriver only supports Chrome version 81
Build info: version: &#039;3.141.59&#039;, revision: &#039;e82be7d358&#039;, time: &#039;2018-11-14T08:17:03&#039;
System info: host: &#039;DESKTOP-1BKEDIA&#039;, ip: &#039;192.168.43.17&#039;, os.name: &#039;Windows 10&#039;, os.arch: &#039;amd64&#039;, os.version: &#039;10.0&#039;, java.version: &#039;1.8.0_251&#039;
Driver info: driver.version: ChromeDriver
remote stacktrace: Backtrace:
	Ordinal0 [0x00A85D53+2448723]
	Ordinal0 [0x009B8131+1605937]
	Ordinal0 [0x008AF879+522361]
	Ordinal0 [0x008405F3+67059]
	Ordinal0 [0x0083CD92+52626]
	Ordinal0 [0x0085C127+180519]
	Ordinal0 [0x0085BF2D+180013]
	Ordinal0 [0x00859E5B+171611]
	Ordinal0 [0x00841DD8+73176]
	Ordinal0 [0x00842E50+77392]
	Ordinal0 [0x00842DE9+77289]
	Ordinal0 [0x009CD6A7+1693351]
	GetHandleVerifier [0x00B23E16+522726]
	GetHandleVerifier [0x00B23B54+522020]
	GetHandleVerifier [0x00B38F67+609079]
	GetHandleVerifier [0x00B24686+524886]
	Ordinal0 [0x009C5A8C+1661580]
	Ordinal0 [0x009CF00B+1699851]
	Ordinal0 [0x009CF173+1700211]
	Ordinal0 [0x009E4FE5+1789925]
	BaseThreadInitThunk [0x763D0419+25]
	RtlGetAppContainerNamedObjectPath [0x771266DD+237]
	RtlGetAppContainerNamedObjectPath [0x771266AD+189]
">
      <![CDATA[org.openqa.selenium.SessionNotCreatedException: session not created: This version of ChromeDriver only supports Chrome version 81
Build info: version: '3.141.59', revision: 'e82be7d358', time: '2018-11-14T08:17:03'
System info: host: 'DESKTOP-1BKEDIA', ip: '192.168.43.17', os.name: 'Windows 10', os.arch: 'amd64', os.version: '10.0', java.version: '1.8.0_251'
Driver info: driver.version: ChromeDriver
remote stacktrace: Backtrace:
	Ordinal0 [0x00A85D53+2448723]
	Ordinal0 [0x009B8131+1605937]
	Ordinal0 [0x008AF879+522361]
	Ordinal0 [0x008405F3+67059]
	Ordinal0 [0x0083CD92+52626]
	Ordinal0 [0x0085C127+180519]
	Ordinal0 [0x0085BF2D+180013]
	Ordinal0 [0x00859E5B+171611]
	Ordinal0 [0x00841DD8+73176]
	Ordinal0 [0x00842E50+77392]
	Ordinal0 [0x00842DE9+77289]
	Ordinal0 [0x009CD6A7+1693351]
	GetHandleVerifier [0x00B23E16+522726]
	GetHandleVerifier [0x00B23B54+522020]
	GetHandleVerifier [0x00B38F67+609079]
	GetHandleVerifier [0x00B24686+524886]
	Ordinal0 [0x009C5A8C+1661580]
	Ordinal0 [0x009CF00B+1699851]
	Ordinal0 [0x009CF173+1700211]
	Ordinal0 [0x009E4FE5+1789925]
	BaseThreadInitThunk [0x763D0419+25]
	RtlGetAppContainerNamedObjectPath [0x771266DD+237]
	RtlGetAppContainerNamedObjectPath [0x771266AD+189]

	at sun.reflect.NativeConstructorAccessorImpl.newInstance0(Native Method)
	at sun.reflect.NativeConstructorAccessorImpl.newInstance(Unknown Source)
	at sun.reflect.DelegatingConstructorAccessorImpl.newInstance(Unknown Source)
	at java.lang.reflect.Constructor.newInstance(Unknown Source)
	at org.openqa.selenium.remote.W3CHandshakeResponse.lambda$errorHandler$0(W3CHandshakeResponse.java:62)
	at org.openqa.selenium.remote.HandshakeResponse.lambda$getResponseFunction$0(HandshakeResponse.java:30)
	at org.openqa.selenium.remote.ProtocolHandshake.lambda$createSession$0(ProtocolHandshake.java:126)
	at java.util.stream.ReferencePipeline$3$1.accept(Unknown Source)
	at java.util.Spliterators$ArraySpliterator.tryAdvance(Unknown Source)
	at java.util.stream.ReferencePipeline.forEachWithCancel(Unknown Source)
	at java.util.stream.AbstractPipeline.copyIntoWithCancel(Unknown Source)
	at java.util.stream.AbstractPipeline.copyInto(Unknown Source)
	at java.util.stream.AbstractPipeline.wrapAndCopyInto(Unknown Source)
	at java.util.stream.FindOps$FindOp.evaluateSequential(Unknown Source)
	at java.util.stream.AbstractPipeline.evaluate(Unknown Source)
	at java.util.stream.ReferencePipeline.findFirst(Unknown Source)
	at org.openqa.selenium.remote.ProtocolHandshake.createSession(ProtocolHandshake.java:128)
	at org.openqa.selenium.remote.ProtocolHandshake.createSession(ProtocolHandshake.java:74)
	at org.openqa.selenium.remote.HttpCommandExecutor.execute(HttpCommandExecutor.java:136)
	at org.openqa.selenium.remote.service.DriverCommandExecutor.execute(DriverCommandExecutor.java:83)
	at org.openqa.selenium.remote.RemoteWebDriver.execute(RemoteWebDriver.java:552)
	at org.openqa.selenium.remote.RemoteWebDriver.startSession(RemoteWebDriver.java:213)
	at org.openqa.selenium.remote.RemoteWebDriver.<init>(RemoteWebDriver.java:131)
	at org.openqa.selenium.chrome.ChromeDriver.<init>(ChromeDriver.java:181)
	at org.openqa.selenium.chrome.ChromeDriver.<init>(ChromeDriver.java:168)
	at org.openqa.selenium.chrome.ChromeDriver.<init>(ChromeDriver.java:123)
	at resources.Base.Initializedriver(Base.java:41)
	at Shraddha.E2Eframework.HomePage.initialization(HomePage.java:24)
	at sun.reflect.NativeMethodAccessorImpl.invoke0(Native Method)
	at sun.reflect.NativeMethodAccessorImpl.invoke(Unknown Source)
	at sun.reflect.DelegatingMethodAccessorImpl.invoke(Unknown Source)
	at java.lang.reflect.Method.invoke(Unknown Source)
	at org.testng.internal.MethodInvocationHelper.invokeMethod(MethodInvocationHelper.java:85)
	at org.testng.internal.Invoker.invokeConfigurationMethod(Invoker.java:510)
	at org.testng.internal.Invoker.invokeConfigurations(Invoker.java:211)
	at org.testng.internal.Invoker.invokeConfigurations(Invoker.java:138)
	at org.testng.TestRunner.beforeRun(TestRunner.java:648)
	at org.testng.TestRunner.run(TestRunner.java:616)
	at org.testng.SuiteRunner.runTest(SuiteRunner.java:359)
	at org.testng.SuiteRunner.runSequentially(SuiteRunner.java:354)
	at org.testng.SuiteRunner.privateRun(SuiteRunner.java:312)
	at org.testng.SuiteRunner.run(SuiteRunner.java:261)
	at org.testng.SuiteRunnerWorker.runSuite(SuiteRunnerWorker.java:52)
	at org.testng.SuiteRunnerWorker.run(SuiteRunnerWorker.java:86)
	at org.testng.TestNG.runSuitesSequentially(TestNG.java:1191)
	at org.testng.TestNG.runSuitesLocally(TestNG.java:1116)
	at org.testng.TestNG.run(TestNG.java:1024)
	at org.testng.remote.AbstractRemoteTestNG.run(AbstractRemoteTestNG.java:115)
	at org.testng.remote.RemoteTestNG.initAndRun(RemoteTestNG.java:251)
	at org.testng.remote.RemoteTestNG.main(RemoteTestNG.java:77)
]]>
    </error>
  </testcase> <!-- basePageNavigation -->
  <testcase name="basePageNavigation" time="0.017" classname="Shraddha.E2Eframework.HomePage">
    <error type="org.openqa.selenium.SessionNotCreatedException" message="session not created: This version of ChromeDriver only supports Chrome version 81
Build info: version: &#039;3.141.59&#039;, revision: &#039;e82be7d358&#039;, time: &#039;2018-11-14T08:17:03&#039;
System info: host: &#039;DESKTOP-1BKEDIA&#039;, ip: &#039;192.168.43.17&#039;, os.name: &#039;Windows 10&#039;, os.arch: &#039;amd64&#039;, os.version: &#039;10.0&#039;, java.version: &#039;1.8.0_251&#039;
Driver info: driver.version: ChromeDriver
remote stacktrace: Backtrace:
	Ordinal0 [0x00A85D53+2448723]
	Ordinal0 [0x009B8131+1605937]
	Ordinal0 [0x008AF879+522361]
	Ordinal0 [0x008405F3+67059]
	Ordinal0 [0x0083CD92+52626]
	Ordinal0 [0x0085C127+180519]
	Ordinal0 [0x0085BF2D+180013]
	Ordinal0 [0x00859E5B+171611]
	Ordinal0 [0x00841DD8+73176]
	Ordinal0 [0x00842E50+77392]
	Ordinal0 [0x00842DE9+77289]
	Ordinal0 [0x009CD6A7+1693351]
	GetHandleVerifier [0x00B23E16+522726]
	GetHandleVerifier [0x00B23B54+522020]
	GetHandleVerifier [0x00B38F67+609079]
	GetHandleVerifier [0x00B24686+524886]
	Ordinal0 [0x009C5A8C+1661580]
	Ordinal0 [0x009CF00B+1699851]
	Ordinal0 [0x009CF173+1700211]
	Ordinal0 [0x009E4FE5+1789925]
	BaseThreadInitThunk [0x763D0419+25]
	RtlGetAppContainerNamedObjectPath [0x771266DD+237]
	RtlGetAppContainerNamedObjectPath [0x771266AD+189]
">
      <![CDATA[org.openqa.selenium.SessionNotCreatedException: session not created: This version of ChromeDriver only supports Chrome version 81
Build info: version: '3.141.59', revision: 'e82be7d358', time: '2018-11-14T08:17:03'
System info: host: 'DESKTOP-1BKEDIA', ip: '192.168.43.17', os.name: 'Windows 10', os.arch: 'amd64', os.version: '10.0', java.version: '1.8.0_251'
Driver info: driver.version: ChromeDriver
remote stacktrace: Backtrace:
	Ordinal0 [0x00A85D53+2448723]
	Ordinal0 [0x009B8131+1605937]
	Ordinal0 [0x008AF879+522361]
	Ordinal0 [0x008405F3+67059]
	Ordinal0 [0x0083CD92+52626]
	Ordinal0 [0x0085C127+180519]
	Ordinal0 [0x0085BF2D+180013]
	Ordinal0 [0x00859E5B+171611]
	Ordinal0 [0x00841DD8+73176]
	Ordinal0 [0x00842E50+77392]
	Ordinal0 [0x00842DE9+77289]
	Ordinal0 [0x009CD6A7+1693351]
	GetHandleVerifier [0x00B23E16+522726]
	GetHandleVerifier [0x00B23B54+522020]
	GetHandleVerifier [0x00B38F67+609079]
	GetHandleVerifier [0x00B24686+524886]
	Ordinal0 [0x009C5A8C+1661580]
	Ordinal0 [0x009CF00B+1699851]
	Ordinal0 [0x009CF173+1700211]
	Ordinal0 [0x009E4FE5+1789925]
	BaseThreadInitThunk [0x763D0419+25]
	RtlGetAppContainerNamedObjectPath [0x771266DD+237]
	RtlGetAppContainerNamedObjectPath [0x771266AD+189]

	at sun.reflect.NativeConstructorAccessorImpl.newInstance0(Native Method)
	at sun.reflect.NativeConstructorAccessorImpl.newInstance(Unknown Source)
	at sun.reflect.DelegatingConstructorAccessorImpl.newInstance(Unknown Source)
	at java.lang.reflect.Constructor.newInstance(Unknown Source)
	at org.openqa.selenium.remote.W3CHandshakeResponse.lambda$errorHandler$0(W3CHandshakeResponse.java:62)
	at org.openqa.selenium.remote.HandshakeResponse.lambda$getResponseFunction$0(HandshakeResponse.java:30)
	at org.openqa.selenium.remote.ProtocolHandshake.lambda$createSession$0(ProtocolHandshake.java:126)
	at java.util.stream.ReferencePipeline$3$1.accept(Unknown Source)
	at java.util.Spliterators$ArraySpliterator.tryAdvance(Unknown Source)
	at java.util.stream.ReferencePipeline.forEachWithCancel(Unknown Source)
	at java.util.stream.AbstractPipeline.copyIntoWithCancel(Unknown Source)
	at java.util.stream.AbstractPipeline.copyInto(Unknown Source)
	at java.util.stream.AbstractPipeline.wrapAndCopyInto(Unknown Source)
	at java.util.stream.FindOps$FindOp.evaluateSequential(Unknown Source)
	at java.util.stream.AbstractPipeline.evaluate(Unknown Source)
	at java.util.stream.ReferencePipeline.findFirst(Unknown Source)
	at org.openqa.selenium.remote.ProtocolHandshake.createSession(ProtocolHandshake.java:128)
	at org.openqa.selenium.remote.ProtocolHandshake.createSession(ProtocolHandshake.java:74)
	at org.openqa.selenium.remote.HttpCommandExecutor.execute(HttpCommandExecutor.java:136)
	at org.openqa.selenium.remote.service.DriverCommandExecutor.execute(DriverCommandExecutor.java:83)
	at org.openqa.selenium.remote.RemoteWebDriver.execute(RemoteWebDriver.java:552)
	at org.openqa.selenium.remote.RemoteWebDriver.startSession(RemoteWebDriver.java:213)
	at org.openqa.selenium.remote.RemoteWebDriver.<init>(RemoteWebDriver.java:131)
	at org.openqa.selenium.chrome.ChromeDriver.<init>(ChromeDriver.java:181)
	at org.openqa.selenium.chrome.ChromeDriver.<init>(ChromeDriver.java:168)
	at org.openqa.selenium.chrome.ChromeDriver.<init>(ChromeDriver.java:123)
	at resources.Base.Initializedriver(Base.java:41)
	at Shraddha.E2Eframework.HomePage.initialization(HomePage.java:24)
	at sun.reflect.NativeMethodAccessorImpl.invoke0(Native Method)
	at sun.reflect.NativeMethodAccessorImpl.invoke(Unknown Source)
	at sun.reflect.DelegatingMethodAccessorImpl.invoke(Unknown Source)
	at java.lang.reflect.Method.invoke(Unknown Source)
	at org.testng.internal.MethodInvocationHelper.invokeMethod(MethodInvocationHelper.java:85)
	at org.testng.internal.Invoker.invokeConfigurationMethod(Invoker.java:510)
	at org.testng.internal.Invoker.invokeConfigurations(Invoker.java:211)
	at org.testng.internal.Invoker.invokeConfigurations(Invoker.java:138)
	at org.testng.TestRunner.beforeRun(TestRunner.java:648)
	at org.testng.TestRunner.run(TestRunner.java:616)
	at org.testng.SuiteRunner.runTest(SuiteRunner.java:359)
	at org.testng.SuiteRunner.runSequentially(SuiteRunner.java:354)
	at org.testng.SuiteRunner.privateRun(SuiteRunner.java:312)
	at org.testng.SuiteRunner.run(SuiteRunner.java:261)
	at org.testng.SuiteRunnerWorker.runSuite(SuiteRunnerWorker.java:52)
	at org.testng.SuiteRunnerWorker.run(SuiteRunnerWorker.java:86)
	at org.testng.TestNG.runSuitesSequentially(TestNG.java:1191)
	at org.testng.TestNG.runSuitesLocally(TestNG.java:1116)
	at org.testng.TestNG.run(TestNG.java:1024)
	at org.testng.remote.AbstractRemoteTestNG.run(AbstractRemoteTestNG.java:115)
	at org.testng.remote.RemoteTestNG.initAndRun(RemoteTestNG.java:251)
	at org.testng.remote.RemoteTestNG.main(RemoteTestNG.java:77)
]]>
    </error>
  </testcase> <!-- basePageNavigation -->
</testsuite> <!-- Shraddha.E2Eframework.HomePage -->
